[2025-10-02 11:31:56] Path: /, User: Anonymous
[2025-10-02 11:31:57] Path: /css/site.css, User: Anonymous
[2025-10-02 11:32:06] Path: /Courses, User: Anonymous
[2025-10-02 11:32:11] Path: /css/site.css, User: Anonymous
[2025-10-02 11:32:13] Path: /Departments, User: Anonymous
[2025-10-02 11:32:13] Path: /css/site.css, User: Anonymous
[2025-10-02 11:32:15] Path: /Departments, User: Anonymous
[2025-10-02 11:32:16] Path: /css/site.css, User: Anonymous
[2025-10-02 11:32:16] Path: /Courses, User: Anonymous
[2025-10-02 11:32:16] Path: /css/site.css, User: Anonymous
[2025-10-02 11:32:17] Path: /Students, User: Anonymous
[2025-10-02 11:32:17] Path: /Account/Login, User: Anonymous
[2025-10-02 11:32:22] Path: /Account/Login, User: Anonymous
[2025-10-02 11:32:23] Path: /Account/Login, User: Anonymous
[2025-10-02 11:32:23] Path: /Account/Login, User: Anonymous
[2025-10-02 11:32:26] Path: /Instructors, User: Anonymous
[2025-10-02 11:32:26] Path: /css/site.css, User: Anonymous
[2025-10-02 11:32:29] Path: /CourseStudents, User: Anonymous
[2025-10-02 11:32:29] Path: /css/site.css, User: Anonymous
[2025-10-02 11:32:31] Path: /Courses, User: Anonymous
[2025-10-02 11:32:31] Path: /css/site.css, User: Anonymous
[2025-10-02 11:32:31] Path: /Departments, User: Anonymous
[2025-10-02 11:32:32] Path: /css/site.css, User: Anonymous
[2025-10-02 11:32:34] Path: /Courses, User: Anonymous
[2025-10-02 11:32:34] Path: /css/site.css, User: Anonymous
[2025-10-02 11:32:34] Path: /Instructors, User: Anonymous
[2025-10-02 11:32:34] Path: /css/site.css, User: Anonymous
[2025-10-02 11:32:35] Path: /CourseStudents, User: Anonymous
[2025-10-02 11:32:35] Path: /css/site.css, User: Anonymous
[2025-10-02 11:32:35] Path: /Departments, User: Anonymous
[2025-10-02 11:32:35] Path: /css/site.css, User: Anonymous
[2025-10-02 11:32:38] Path: /Courses, User: Anonymous
[2025-10-02 11:32:39] Path: /css/site.css, User: Anonymous
[2025-10-02 11:32:39] Path: /Instructors, User: Anonymous
[2025-10-02 11:32:40] Path: /css/site.css, User: Anonymous
[2025-10-02 11:32:40] Path: /CourseStudents, User: Anonymous
[2025-10-02 11:32:40] Path: /css/site.css, User: Anonymous
[2025-10-02 11:34:33] Path: /, User: Anonymous
[2025-10-02 11:34:33] Path: /css/site.css, User: Anonymous
[2025-10-02 11:34:34] Path: /Students, User: Anonymous
[2025-10-02 11:34:35] Path: /Account/Login, User: Anonymous
[2025-10-02 11:34:41] Path: /Students, User: Anonymous
[2025-10-02 11:34:41] Path: /Account/Login, User: Anonymous
[2025-10-02 12:08:19] Path: /, User: Anonymous
[2025-10-02 12:08:24] Path: /css/site.css, User: Anonymous
[2025-10-02 12:08:28] Path: /Courses, User: Anonymous
[2025-10-02 12:08:35] Path: /css/site.css, User: Anonymous
[2025-10-02 12:08:36] Path: /Departments, User: Anonymous
[2025-10-02 12:08:37] Path: /css/site.css, User: Anonymous
[2025-10-02 12:08:38] Path: /Courses, User: Anonymous
[2025-10-02 12:08:39] Path: /css/site.css, User: Anonymous
[2025-10-02 12:08:40] Path: /Instructors, User: Anonymous
[2025-10-02 12:08:40] Path: /css/site.css, User: Anonymous
[2025-10-02 12:08:41] Path: /CourseStudents, User: Anonymous
[2025-10-02 12:08:41] Path: /css/site.css, User: Anonymous
[2025-10-02 12:08:45] Path: /Departments, User: Anonymous
[2025-10-02 12:08:45] Path: /css/site.css, User: Anonymous
[2025-10-02 12:08:50] Path: /Students, User: Anonymous
[2025-10-02 12:08:50] Path: /Account/Login, User: Anonymous
[2025-10-02 12:12:33] Path: /, User: Anonymous
[2025-10-02 12:12:34] Path: /css/site.css, User: Anonymous
[2025-10-02 12:12:35] Path: /Students, User: Anonymous
[2025-10-02 12:12:35] Path: /Account/Login, User: Anonymous
[2025-10-02 12:12:36] Path: /css/site.css, User: Anonymous
[2025-10-02 12:12:39] Path: /Instructors, User: Anonymous
[2025-10-02 12:12:41] Path: /CourseStudents, User: Anonymous
[2025-10-02 12:12:41] Path: /css/site.css, User: Anonymous
[2025-10-02 12:12:42] Path: /Courses, User: Anonymous
[2025-10-02 12:12:42] Path: /css/site.css, User: Anonymous
[2025-10-02 12:12:43] Path: /Students, User: Anonymous
[2025-10-02 12:12:43] Path: /Account/Login, User: Anonymous
[2025-10-02 12:12:43] Path: /css/site.css, User: Anonymous
[2025-10-02 12:12:44] Path: /Courses, User: Anonymous
[2025-10-02 12:12:44] Path: /css/site.css, User: Anonymous
[2025-10-02 12:12:45] Path: /Departments, User: Anonymous
[2025-10-02 12:12:45] Path: /css/site.css, User: Anonymous
[2025-10-02 12:12:47] Path: /Students, User: Anonymous
[2025-10-02 12:12:47] Path: /Account/Login, User: Anonymous
[2025-10-02 12:12:47] Path: /css/site.css, User: Anonymous
[2025-10-02 12:20:46] Path: /, User: Anonymous
[2025-10-02 12:20:49] Path: /css/site.css, User: Anonymous
[2025-10-02 12:21:00] Path: /CourseStudents, User: Anonymous
[2025-10-02 12:21:07] Path: /css/site.css, User: Anonymous
[2025-10-02 12:21:09] Path: /CourseStudents/Create, User: Anonymous
[2025-10-02 12:21:10] Path: /css/site.css, User: Anonymous
[2025-10-02 12:21:15] Path: /Departments, User: Anonymous
[2025-10-02 12:21:16] Path: /css/site.css, User: Anonymous
[2025-10-02 12:21:16] Path: /Courses, User: Anonymous
[2025-10-02 12:21:17] Path: /css/site.css, User: Anonymous
[2025-10-02 12:21:18] Path: /Courses/Create, User: Anonymous
[2025-10-02 12:21:18] Path: /css/site.css, User: Anonymous
[2025-10-02 12:21:30] Path: /Courses/Create, User: Anonymous
[2025-10-02 12:21:30] Path: /css/site.css, User: Anonymous
[2025-10-02 12:21:34] Path: /Courses, User: Anonymous
[2025-10-02 12:21:34] Path: /css/site.css, User: Anonymous
[2025-10-02 12:21:35] Path: /Courses/Create, User: Anonymous
[2025-10-02 12:21:35] Path: /css/site.css, User: Anonymous
[2025-10-02 12:21:45] Path: /Courses/Create, User: Anonymous
[2025-10-02 12:21:45] Path: /css/site.css, User: Anonymous
[2025-10-02 12:21:47] Path: /Courses/Create, User: Anonymous
[2025-10-02 12:21:47] Path: /css/site.css, User: Anonymous
[2025-10-02 12:21:48] Path: /Courses, User: Anonymous
[2025-10-02 12:21:48] Path: /css/site.css, User: Anonymous
[2025-10-02 12:21:51] Path: /Courses, User: Anonymous
[2025-10-02 12:21:51] Path: /css/site.css, User: Anonymous
[2025-10-02 12:21:51] Path: /Departments, User: Anonymous
[2025-10-02 12:21:51] Path: /css/site.css, User: Anonymous
[2025-10-02 12:21:52] Path: /Departments/Create, User: Anonymous
[2025-10-02 12:21:52] Path: /css/site.css, User: Anonymous
[2025-10-02 12:21:59] Path: /Departments/Create, User: Anonymous
[2025-10-02 12:22:00] Path: /Departments, User: Anonymous
[2025-10-02 12:22:01] Path: /css/site.css, User: Anonymous
[2025-10-02 12:22:03] Path: /Departments/Details/1, User: Anonymous
[2025-10-02 12:22:04] Path: /css/site.css, User: Anonymous
[2025-10-02 12:22:06] Path: /Departments, User: Anonymous
[2025-10-02 12:22:06] Path: /css/site.css, User: Anonymous
[2025-10-02 12:22:07] Path: /Departments/Edit/1, User: Anonymous
[2025-10-02 12:22:07] Path: /css/site.css, User: Anonymous
[2025-10-02 12:22:08] Path: /Departments, User: Anonymous
[2025-10-02 12:22:08] Path: /css/site.css, User: Anonymous
[2025-10-02 12:22:09] Path: /Departments/Edit/1, User: Anonymous
[2025-10-02 12:22:09] Path: /css/site.css, User: Anonymous
[2025-10-02 12:22:12] Path: /Departments/Edit/1, User: Anonymous
[2025-10-02 12:22:12] Path: /Departments, User: Anonymous
[2025-10-02 12:22:12] Path: /css/site.css, User: Anonymous
[2025-10-02 12:22:14] Path: /Departments/Delete/1, User: Anonymous
[2025-10-02 12:22:14] Path: /css/site.css, User: Anonymous
[2025-10-02 12:22:15] Path: /Departments/Delete/1, User: Anonymous
[2025-10-02 12:22:16] Path: /Departments, User: Anonymous
[2025-10-02 12:22:16] Path: /css/site.css, User: Anonymous
[2025-10-02 12:22:18] Path: /Departments/Create, User: Anonymous
[2025-10-02 12:22:18] Path: /css/site.css, User: Anonymous
[2025-10-02 12:22:20] Path: /Departments/Create, User: Anonymous
[2025-10-02 12:22:20] Path: /Departments, User: Anonymous
[2025-10-02 12:22:20] Path: /css/site.css, User: Anonymous
[2025-10-02 12:22:21] Path: /Departments/Create, User: Anonymous
[2025-10-02 12:22:21] Path: /css/site.css, User: Anonymous
[2025-10-02 12:22:22] Path: /Departments/Create, User: Anonymous
[2025-10-02 12:22:22] Path: /Departments, User: Anonymous
[2025-10-02 12:22:22] Path: /css/site.css, User: Anonymous
[2025-10-02 12:22:24] Path: /Departments, User: Anonymous
[2025-10-02 12:22:24] Path: /css/site.css, User: Anonymous
[2025-10-02 12:22:26] Path: /Departments, User: Anonymous
[2025-10-02 12:22:26] Path: /css/site.css, User: Anonymous
[2025-10-02 12:22:29] Path: /Departments/Delete/3, User: Anonymous
[2025-10-02 12:22:29] Path: /css/site.css, User: Anonymous
[2025-10-02 12:22:30] Path: /Departments/Delete/3, User: Anonymous
[2025-10-02 12:22:30] Path: /Departments, User: Anonymous
[2025-10-02 12:22:30] Path: /css/site.css, User: Anonymous
[2025-10-02 12:22:32] Path: /Courses, User: Anonymous
[2025-10-02 12:22:32] Path: /css/site.css, User: Anonymous
[2025-10-02 12:22:33] Path: /Courses/Create, User: Anonymous
[2025-10-02 12:22:33] Path: /css/site.css, User: Anonymous
[2025-10-02 12:22:38] Path: /Instructors, User: Anonymous
[2025-10-02 12:22:38] Path: /css/site.css, User: Anonymous
[2025-10-02 12:22:39] Path: /Instructors/Create, User: Anonymous
[2025-10-02 12:22:40] Path: /css/site.css, User: Anonymous
[2025-10-02 12:22:45] Path: /Courses, User: Anonymous
[2025-10-02 12:22:45] Path: /css/site.css, User: Anonymous
[2025-10-02 12:22:46] Path: /Courses/Create, User: Anonymous
[2025-10-02 12:22:47] Path: /css/site.css, User: Anonymous
[2025-10-02 12:22:51] Path: /Instructors, User: Anonymous
[2025-10-02 12:22:51] Path: /css/site.css, User: Anonymous
[2025-10-02 12:23:03] Path: /Instructors/Create, User: Anonymous
[2025-10-02 12:23:03] Path: /css/site.css, User: Anonymous
[2025-10-02 12:23:20] Path: /Instructors/Create, User: Anonymous
[2025-10-02 12:23:20] Path: /css/site.css, User: Anonymous
[2025-10-02 12:23:22] Path: /Instructors, User: Anonymous
[2025-10-02 12:23:23] Path: /css/site.css, User: Anonymous
[2025-10-02 12:26:30] Path: /, User: Anonymous
[2025-10-02 12:26:30] Path: /css/site.css, User: Anonymous
[2025-10-02 12:26:49] Path: /Instructors, User: Anonymous
[2025-10-02 12:26:53] Path: /css/site.css, User: Anonymous
[2025-10-02 12:26:54] Path: /Instructors/Create, User: Anonymous
[2025-10-02 12:26:54] Path: /css/site.css, User: Anonymous
[2025-10-02 12:26:56] Path: /Instructors/Create, User: Anonymous
[2025-10-02 12:26:56] Path: /css/site.css, User: Anonymous
[2025-10-02 12:26:57] Path: /Instructors, User: Anonymous
[2025-10-02 12:26:57] Path: /css/site.css, User: Anonymous
[2025-10-02 12:26:58] Path: /Instructors/Create, User: Anonymous
[2025-10-02 12:26:58] Path: /css/site.css, User: Anonymous
[2025-10-02 12:27:03] Path: /Instructors/Create, User: Anonymous
[2025-10-02 12:27:03] Path: /css/site.css, User: Anonymous
[2025-10-02 12:27:06] Path: /Instructors/Create, User: Anonymous
[2025-10-02 12:27:06] Path: /css/site.css, User: Anonymous
[2025-10-02 12:27:07] Path: /Instructors/Create, User: Anonymous
[2025-10-02 12:27:07] Path: /css/site.css, User: Anonymous
[2025-10-02 12:27:08] Path: /Instructors/Create, User: Anonymous
[2025-10-02 12:27:08] Path: /css/site.css, User: Anonymous
[2025-10-02 12:27:08] Path: /Instructors/Create, User: Anonymous
[2025-10-02 12:27:08] Path: /css/site.css, User: Anonymous
[2025-10-02 12:27:09] Path: /Instructors/Create, User: Anonymous
[2025-10-02 12:27:09] Path: /css/site.css, User: Anonymous
[2025-10-02 12:27:21] Path: /css/site.css, User: Anonymous
[2025-10-02 12:27:22] Path: /.well-known/appspecific/com.chrome.devtools.json, User: Anonymous
[2025-10-02 12:27:27] Path: /Instructors/Create, User: Anonymous
[2025-10-02 12:27:27] Path: /css/site.css, User: Anonymous
[2025-10-02 12:27:27] Path: /.well-known/appspecific/com.chrome.devtools.json, User: Anonymous
[2025-10-02 12:27:38] Path: /Instructors, User: Anonymous
[2025-10-02 12:27:38] Path: /css/site.css, User: Anonymous
[2025-10-02 12:27:38] Path: /.well-known/appspecific/com.chrome.devtools.json, User: Anonymous
[2025-10-02 12:27:41] Path: /Courses, User: Anonymous
[2025-10-02 12:27:41] Path: /css/site.css, User: Anonymous
[2025-10-02 12:27:42] Path: /Courses/Create, User: Anonymous
[2025-10-02 12:27:42] Path: /css/site.css, User: Anonymous
[2025-10-02 12:27:50] Path: /Courses/Create, User: Anonymous
[2025-10-02 12:27:50] Path: /css/site.css, User: Anonymous
[2025-10-02 12:27:54] Path: /Courses/Create, User: Anonymous
[2025-10-02 12:27:54] Path: /css/site.css, User: Anonymous
[2025-10-02 12:27:55] Path: /Courses/Create, User: Anonymous
[2025-10-02 12:27:55] Path: /css/site.css, User: Anonymous
[2025-10-02 12:27:59] Path: /css/site.css, User: Anonymous
[2025-10-02 12:27:59] Path: /.well-known/appspecific/com.chrome.devtools.json, User: Anonymous
[2025-10-02 12:28:04] Path: /Courses/Create, User: Anonymous
[2025-10-02 12:28:04] Path: /css/site.css, User: Anonymous
[2025-10-02 12:28:04] Path: /.well-known/appspecific/com.chrome.devtools.json, User: Anonymous
[2025-10-02 12:28:04] Path: /favicon.ico, User: Anonymous
[2025-10-02 12:28:12] Path: /Departments, User: Anonymous
[2025-10-02 12:28:12] Path: /css/site.css, User: Anonymous
[2025-10-02 12:28:12] Path: /, User: Anonymous
[2025-10-02 12:28:12] Path: /css/site.css, User: Anonymous
[2025-10-02 15:26:14] Path: /, User: Anonymous
[2025-10-02 15:26:24] Path: /css/site.css, User: Anonymous
[2025-10-02 15:26:38] Path: /Courses, User: Anonymous
[2025-10-02 15:26:49] Path: /CourseStudents, User: Anonymous
[2025-10-02 15:27:16] Path: /css/site.css, User: Anonymous
[2025-10-02 15:27:22] Path: /, User: Anonymous
[2025-10-02 15:27:22] Path: /css/site.css, User: Anonymous
[2025-10-02 15:27:24] Path: /, User: Anonymous
[2025-10-02 15:27:24] Path: /css/site.css, User: Anonymous
[2025-10-02 15:27:24] Path: /favicon.ico, User: Anonymous
[2025-10-02 15:27:38] Path: /css/site.css, User: Anonymous
[2025-10-02 15:27:39] Path: /.well-known/appspecific/com.chrome.devtools.json, User: Anonymous
[2025-10-02 15:28:06] Path: /Departments, User: Anonymous
[2025-10-02 15:28:11] Path: /css/site.css, User: Anonymous
[2025-10-02 15:28:21] Path: /Students, User: Anonymous
[2025-10-02 15:28:21] Path: /Account/Login, User: Anonymous
[2025-10-02 15:28:22] Path: /css/site.css, User: Anonymous
[2025-10-02 15:28:22] Path: /.well-known/appspecific/com.chrome.devtools.json, User: Anonymous
[2025-10-02 15:37:07] Path: /, User: Anonymous
[2025-10-02 15:37:08] Path: /css/site.css, User: Anonymous
[2025-10-02 15:37:09] Path: /Students, User: Anonymous
[2025-10-02 15:37:10] Path: /Account/Login, User: Anonymous
[2025-10-02 15:37:10] Path: /css/site.css, User: Anonymous
[2025-10-02 15:37:15] Path: /Account/Login, User: Anonymous
[2025-10-02 15:42:05] Path: /Account/Login, User: Anonymous
[2025-10-02 15:42:06] Path: /Students, User: Anonymous
[2025-10-02 15:42:09] Path: /css/site.css, User: Anonymous
[2025-10-02 15:43:34] Path: /, User: Anonymous
[2025-10-02 15:43:35] Path: /css/site.css, User: Anonymous
[2025-10-02 15:43:37] Path: /Students, User: Anonymous
[2025-10-02 15:43:38] Path: /css/site.css, User: Anonymous
[2025-10-02 15:43:41] Path: /Departments, User: Anonymous
[2025-10-02 15:43:41] Path: /css/site.css, User: Anonymous
[2025-10-02 15:43:42] Path: /Courses, User: Anonymous
[2025-10-02 15:43:43] Path: /css/site.css, User: Anonymous
[2025-10-02 15:43:43] Path: /Students, User: Anonymous
[2025-10-02 15:43:43] Path: /css/site.css, User: Anonymous
[2025-10-02 15:43:45] Path: /Students/Create, User: Anonymous
[2025-10-02 15:43:45] Path: /css/site.css, User: Anonymous
[2025-10-02 15:43:48] Path: /Students/Create, User: Anonymous
[2025-10-02 15:43:48] Path: /css/site.css, User: Anonymous
[2025-10-02 15:43:50] Path: /Students/Create, User: Anonymous
[2025-10-02 15:43:50] Path: /css/site.css, User: Anonymous
[2025-10-02 15:43:54] Path: /Students/Create, User: Anonymous
[2025-10-02 15:43:54] Path: /css/site.css, User: Anonymous
[2025-10-02 15:43:55] Path: /Students/Create, User: Anonymous
[2025-10-02 15:43:55] Path: /css/site.css, User: Anonymous
[2025-10-02 15:43:55] Path: /Students/Create, User: Anonymous
[2025-10-02 15:43:55] Path: /css/site.css, User: Anonymous
[2025-10-02 15:43:55] Path: /Students/Create, User: Anonymous
[2025-10-02 15:43:55] Path: /css/site.css, User: Anonymous
[2025-10-02 15:44:00] Path: /Students/Create, User: Anonymous
[2025-10-02 15:44:00] Path: /css/site.css, User: Anonymous
[2025-10-02 15:44:01] Path: /Students, User: Anonymous
[2025-10-02 15:44:01] Path: /css/site.css, User: Anonymous
[2025-10-02 15:44:02] Path: /Students/Create, User: Anonymous
[2025-10-02 15:44:02] Path: /css/site.css, User: Anonymous
[2025-10-02 15:44:04] Path: /css/site.css, User: Anonymous
[2025-10-02 15:44:04] Path: /.well-known/appspecific/com.chrome.devtools.json, User: Anonymous
[2025-10-02 15:44:14] Path: /Students/Create, User: Anonymous
[2025-10-02 15:44:14] Path: /css/site.css, User: Anonymous
[2025-10-02 15:44:14] Path: /.well-known/appspecific/com.chrome.devtools.json, User: Anonymous
[2025-10-02 15:44:18] Path: /Students/Create, User: Anonymous
[2025-10-02 15:44:18] Path: /css/site.css, User: Anonymous
[2025-10-02 15:44:18] Path: /.well-known/appspecific/com.chrome.devtools.json, User: Anonymous
[2025-10-02 15:44:54] Path: /Students/Create, User: Anonymous
[2025-10-02 15:44:54] Path: /css/site.css, User: Anonymous
[2025-10-02 15:44:54] Path: /.well-known/appspecific/com.chrome.devtools.json, User: Anonymous
[2025-10-02 15:44:54] Path: /favicon.ico, User: Anonymous
[2025-10-02 15:45:01] Path: /Students/Create, User: Anonymous
[2025-10-02 15:45:01] Path: /css/site.css, User: Anonymous
[2025-10-02 15:45:01] Path: /.well-known/appspecific/com.chrome.devtools.json, User: Anonymous
[2025-10-02 15:45:11] Path: /CourseStudents, User: Anonymous
[2025-10-02 15:45:11] Path: /css/site.css, User: Anonymous
[2025-10-02 15:45:11] Path: /.well-known/appspecific/com.chrome.devtools.json, User: Anonymous
[2025-10-02 15:45:12] Path: /CourseStudents/Create, User: Anonymous
[2025-10-02 15:45:12] Path: /css/site.css, User: Anonymous
[2025-10-02 15:45:12] Path: /.well-known/appspecific/com.chrome.devtools.json, User: Anonymous
[2025-10-02 15:45:15] Path: /, User: Anonymous
[2025-10-02 15:45:15] Path: /css/site.css, User: Anonymous
[2025-10-02 15:45:15] Path: /.well-known/appspecific/com.chrome.devtools.json, User: Anonymous
[2025-10-02 15:45:17] Path: /Courses, User: Anonymous
[2025-10-02 15:45:18] Path: /css/site.css, User: Anonymous
[2025-10-02 15:45:18] Path: /.well-known/appspecific/com.chrome.devtools.json, User: Anonymous
[2025-10-02 15:45:18] Path: /Courses/Create, User: Anonymous
[2025-10-02 15:45:19] Path: /css/site.css, User: Anonymous
[2025-10-02 15:45:19] Path: /.well-known/appspecific/com.chrome.devtools.json, User: Anonymous
[2025-10-02 15:45:25] Path: /Courses/Create, User: Anonymous
[2025-10-02 15:45:25] Path: /css/site.css, User: Anonymous
[2025-10-02 15:45:25] Path: /.well-known/appspecific/com.chrome.devtools.json, User: Anonymous
[2025-10-02 15:45:29] Path: /Courses/Create, User: Anonymous
[2025-10-02 15:45:29] Path: /css/site.css, User: Anonymous
[2025-10-02 15:45:29] Path: /.well-known/appspecific/com.chrome.devtools.json, User: Anonymous
[2025-10-02 15:45:33] Path: /Courses, User: Anonymous
[2025-10-02 15:45:33] Path: /css/site.css, User: Anonymous
[2025-10-02 15:45:33] Path: /.well-known/appspecific/com.chrome.devtools.json, User: Anonymous
[2025-10-02 15:46:02] Path: /, User: Anonymous
[2025-10-02 15:46:02] Path: /css/site.css, User: Anonymous
[2025-10-02 15:46:02] Path: /favicon.ico, User: Anonymous
[2025-10-02 15:46:03] Path: /Departments, User: Anonymous
[2025-10-02 15:46:04] Path: /css/site.css, User: Anonymous
[2025-10-02 15:46:06] Path: /Departments/Create, User: Anonymous
[2025-10-02 15:46:06] Path: /css/site.css, User: Anonymous
[2025-10-02 15:46:09] Path: /Departments/Create, User: Anonymous
[2025-10-02 15:46:09] Path: /Departments, User: Anonymous
[2025-10-02 15:46:09] Path: /css/site.css, User: Anonymous
[2025-10-02 15:46:11] Path: /Courses, User: Anonymous
[2025-10-02 15:46:11] Path: /css/site.css, User: Anonymous
[2025-10-02 15:46:12] Path: /Courses/Create, User: Anonymous
[2025-10-02 15:46:12] Path: /css/site.css, User: Anonymous
[2025-10-02 15:46:17] Path: /Courses/Create, User: Anonymous
[2025-10-02 15:46:17] Path: /css/site.css, User: Anonymous
[2025-10-02 15:46:19] Path: /Instructors, User: Anonymous
[2025-10-02 15:46:19] Path: /css/site.css, User: Anonymous
[2025-10-02 15:46:19] Path: /Instructors/Create, User: Anonymous
[2025-10-02 15:46:19] Path: /css/site.css, User: Anonymous
[2025-10-02 15:46:27] Path: /Instructors/Create, User: Anonymous
[2025-10-02 15:46:27] Path: /css/site.css, User: Anonymous
[2025-10-02 15:46:28] Path: /Instructors, User: Anonymous
[2025-10-02 15:46:28] Path: /css/site.css, User: Anonymous
[2025-10-02 15:46:29] Path: /CourseStudents, User: Anonymous
[2025-10-02 15:46:29] Path: /css/site.css, User: Anonymous
[2025-10-02 15:46:30] Path: /Instructors, User: Anonymous
[2025-10-02 15:46:30] Path: /css/site.css, User: Anonymous
[2025-10-02 15:46:32] Path: /Instructors/Create, User: Anonymous
[2025-10-02 15:46:32] Path: /css/site.css, User: Anonymous
[2025-10-02 15:46:35] Path: /Courses, User: Anonymous
[2025-10-02 15:46:35] Path: /css/site.css, User: Anonymous
[2025-10-02 15:51:04] Path: /Courses, User: Anonymous
[2025-10-02 15:51:06] Path: /css/site.css, User: Anonymous
[2025-10-02 15:51:06] Path: /Courses/Create, User: Anonymous
[2025-10-02 15:51:06] Path: /css/site.css, User: Anonymous
[2025-10-02 15:51:06] Path: /favicon.ico, User: Anonymous
[2025-10-02 15:51:09] Path: /Students, User: Anonymous
[2025-10-02 15:51:09] Path: /css/site.css, User: Anonymous
[2025-10-02 15:51:10] Path: /Students/Create, User: Anonymous
[2025-10-02 15:51:10] Path: /css/site.css, User: Anonymous
[2025-10-02 15:51:16] Path: /Students/Create, User: Anonymous
[2025-10-02 15:51:17] Path: /Students, User: Anonymous
[2025-10-02 15:51:17] Path: /css/site.css, User: Anonymous
[2025-10-02 15:51:18] Path: /Courses, User: Anonymous
[2025-10-02 15:51:18] Path: /css/site.css, User: Anonymous
[2025-10-02 15:51:20] Path: /Students, User: Anonymous
[2025-10-02 15:51:20] Path: /css/site.css, User: Anonymous
[2025-10-02 15:51:20] Path: /Instructors, User: Anonymous
[2025-10-02 15:51:20] Path: /css/site.css, User: Anonymous
[2025-10-02 15:51:47] Path: /Instructors/Create, User: Anonymous
[2025-10-02 15:51:47] Path: /css/site.css, User: Anonymous
[2025-10-02 15:51:51] Path: /Instructors/Create, User: Anonymous
[2025-10-02 15:51:55] Path: /Instructors/Create, User: Anonymous
[2025-10-02 15:51:57] Path: /Courses, User: Anonymous
[2025-10-02 15:51:57] Path: /css/site.css, User: Anonymous
[2025-10-02 15:51:57] Path: /Courses/Create, User: Anonymous
[2025-10-02 15:51:58] Path: /css/site.css, User: Anonymous
[2025-10-02 15:51:59] Path: /Instructors, User: Anonymous
[2025-10-02 15:51:59] Path: /css/site.css, User: Anonymous
[2025-10-02 15:52:00] Path: /Students, User: Anonymous
[2025-10-02 15:52:00] Path: /css/site.css, User: Anonymous
[2025-10-02 15:52:00] Path: /CourseStudents, User: Anonymous
[2025-10-02 15:52:00] Path: /css/site.css, User: Anonymous
[2025-10-02 15:52:01] Path: /Students, User: Anonymous
[2025-10-02 15:52:01] Path: /css/site.css, User: Anonymous
[2025-10-02 15:52:02] Path: /Courses, User: Anonymous
[2025-10-02 15:52:02] Path: /css/site.css, User: Anonymous
[2025-10-02 15:52:03] Path: /Departments, User: Anonymous
[2025-10-02 15:52:03] Path: /css/site.css, User: Anonymous
[2025-10-02 15:52:04] Path: /Courses, User: Anonymous
[2025-10-02 15:52:04] Path: /css/site.css, User: Anonymous
[2025-10-02 15:52:06] Path: /Instructors, User: Anonymous
[2025-10-02 15:52:06] Path: /css/site.css, User: Anonymous
[2025-10-02 15:52:11] Path: /Courses, User: Anonymous
[2025-10-02 15:52:11] Path: /css/site.css, User: Anonymous
[2025-10-02 15:52:12] Path: /Courses/Create, User: Anonymous
[2025-10-02 15:52:12] Path: /css/site.css, User: Anonymous
[2025-10-02 15:52:15] Path: /Instructors, User: Anonymous
[2025-10-02 15:52:15] Path: /css/site.css, User: Anonymous
[2025-10-02 15:52:16] Path: /Instructors/Create, User: Anonymous
[2025-10-02 15:52:16] Path: /css/site.css, User: Anonymous
[2025-10-02 15:52:20] Path: /Courses, User: Anonymous
[2025-10-02 15:52:20] Path: /css/site.css, User: Anonymous
[2025-10-02 15:52:31] Path: /Courses/Create, User: Anonymous
[2025-10-02 15:52:31] Path: /css/site.css, User: Anonymous
[2025-10-02 15:52:37] Path: /Instructors, User: Anonymous
[2025-10-02 15:52:37] Path: /css/site.css, User: Anonymous
[2025-10-02 15:52:38] Path: /Instructors/Create, User: Anonymous
[2025-10-02 15:52:38] Path: /css/site.css, User: Anonymous
[2025-10-02 15:52:42] Path: /Instructors, User: Anonymous
[2025-10-02 15:52:42] Path: /css/site.css, User: Anonymous
[2025-10-02 15:53:07] Path: /, User: Anonymous
[2025-10-02 15:53:08] Path: /css/site.css, User: Anonymous
[2025-10-02 15:53:08] Path: /favicon.ico, User: Anonymous
[2025-10-02 15:53:09] Path: /Students, User: Anonymous
[2025-10-02 15:53:09] Path: /Account/Login, User: Anonymous
[2025-10-02 15:53:09] Path: /css/site.css, User: Anonymous
[2025-10-02 15:53:09] Path: /favicon.ico, User: Anonymous
[2025-10-02 15:53:12] Path: /Account/Login, User: Anonymous
[2025-10-02 15:53:12] Path: /Students, User: Anonymous
[2025-10-02 15:53:12] Path: /css/site.css, User: Anonymous
[2025-10-02 15:53:12] Path: /favicon.ico, User: Anonymous
[2025-10-02 15:53:13] Path: /CourseStudents, User: Anonymous
[2025-10-02 15:53:13] Path: /css/site.css, User: Anonymous
[2025-10-02 15:53:14] Path: /favicon.ico, User: Anonymous
[2025-10-02 15:53:15] Path: /CourseStudents/Create, User: Anonymous
[2025-10-02 15:53:15] Path: /css/site.css, User: Anonymous
[2025-10-02 15:53:15] Path: /favicon.ico, User: Anonymous
[2025-10-02 15:53:16] Path: /CourseStudents, User: Anonymous
[2025-10-02 15:53:16] Path: /css/site.css, User: Anonymous
[2025-10-02 15:53:16] Path: /favicon.ico, User: Anonymous
[2025-10-02 15:54:41] Path: /, User: Anonymous
[2025-10-02 15:54:41] Path: /css/site.css, User: Anonymous
[2025-10-02 15:54:45] Path: /Students, User: Anonymous
[2025-10-02 15:54:45] Path: /Instructors, User: Anonymous
[2025-10-02 15:54:46] Path: /css/site.css, User: Anonymous
[2025-10-02 15:54:47] Path: /Instructors/Create, User: Anonymous
[2025-10-02 15:54:48] Path: /css/site.css, User: Anonymous
[2025-10-02 15:54:53] Path: /Instructors/Create, User: Anonymous
[2025-10-02 15:54:53] Path: /css/site.css, User: Anonymous
[2025-10-02 15:55:07] Path: /Instructors, User: Anonymous
[2025-10-02 15:55:07] Path: /css/site.css, User: Anonymous
[2025-10-02 15:59:18] Path: /, User: Anonymous
[2025-10-02 15:59:18] Path: /css/site.css, User: Anonymous
[2025-10-02 15:59:20] Path: /Instructors, User: Anonymous
[2025-10-02 15:59:21] Path: /css/site.css, User: Anonymous
[2025-10-02 15:59:22] Path: /Instructors/Create, User: Anonymous
[2025-10-02 15:59:22] Path: /css/site.css, User: Anonymous
[2025-10-02 15:59:27] Path: /Instructors/Create, User: Anonymous
[2025-10-02 15:59:28] Path: /css/site.css, User: Anonymous
[2025-10-02 15:59:30] Path: /Instructors, User: Anonymous
[2025-10-02 15:59:30] Path: /css/site.css, User: Anonymous
[2025-10-02 16:00:34] Path: /, User: Anonymous
[2025-10-02 16:00:34] Path: /css/site.css, User: Anonymous
[2025-10-02 16:00:37] Path: /Instructors, User: Anonymous
[2025-10-02 16:00:39] Path: /css/site.css, User: Anonymous
[2025-10-02 16:00:40] Path: /Instructors/Create, User: Anonymous
[2025-10-02 16:00:40] Path: /css/site.css, User: Anonymous
[2025-10-02 16:00:45] Path: /Instructors/Create, User: Anonymous
[2025-10-02 16:00:45] Path: /css/site.css, User: Anonymous
[2025-10-02 16:00:47] Path: /Instructors/Create, User: Anonymous
[2025-10-02 16:00:47] Path: /css/site.css, User: Anonymous
[2025-10-02 16:00:50] Path: /Instructors, User: Anonymous
[2025-10-02 16:00:50] Path: /css/site.css, User: Anonymous
[2025-10-02 16:01:34] Path: /Instructors, User: Anonymous
[2025-10-02 16:01:36] Path: /css/site.css, User: Anonymous
[2025-10-02 16:01:36] Path: /favicon.ico, User: Anonymous
[2025-10-02 16:01:37] Path: /Instructors/Create, User: Anonymous
[2025-10-02 16:01:37] Path: /css/site.css, User: Anonymous
[2025-10-02 16:01:42] Path: /, User: Anonymous
[2025-10-02 16:01:42] Path: /css/site.css, User: Anonymous
[2025-10-02 16:01:43] Path: /Instructors, User: Anonymous
[2025-10-02 16:01:44] Path: /css/site.css, User: Anonymous
[2025-10-02 16:01:44] Path: /Instructors/Create, User: Anonymous
[2025-10-02 16:01:44] Path: /css/site.css, User: Anonymous
[2025-10-02 16:01:49] Path: /Instructors/Create, User: Anonymous
[2025-10-02 16:07:43] Path: /Instructors/Create, User: Anonymous
[2025-10-02 16:07:44] Path: /Instructors, User: Anonymous
[2025-10-02 16:07:45] Path: /css/site.css, User: Anonymous
[2025-10-02 16:08:02] Path: /, User: Anonymous
[2025-10-02 16:08:05] Path: /css/site.css, User: Anonymous
[2025-10-02 16:08:06] Path: /Instructors, User: Anonymous
[2025-10-02 16:08:07] Path: /css/site.css, User: Anonymous
[2025-10-02 16:08:10] Path: /Instructors/Delete/3, User: Anonymous
[2025-10-02 16:08:11] Path: /css/site.css, User: Anonymous
[2025-10-02 16:08:12] Path: /Instructors/Delete/3, User: Anonymous
[2025-10-02 16:08:12] Path: /Instructors, User: Anonymous
[2025-10-02 16:08:12] Path: /css/site.css, User: Anonymous
[2025-10-02 16:08:13] Path: /Instructors/Create, User: Anonymous
[2025-10-02 16:08:13] Path: /css/site.css, User: Anonymous
[2025-10-02 16:08:19] Path: /Instructors/Create, User: Anonymous
[2025-10-02 16:08:19] Path: /Instructors, User: Anonymous
[2025-10-02 16:08:20] Path: /css/site.css, User: Anonymous
[2025-10-02 16:08:21] Path: /Courses, User: Anonymous
[2025-10-02 16:08:21] Path: /css/site.css, User: Anonymous
[2025-10-02 16:08:22] Path: /Courses/Create, User: Anonymous
[2025-10-02 16:08:22] Path: /css/site.css, User: Anonymous
[2025-10-02 16:08:29] Path: /Courses/Create, User: Anonymous
[2025-10-02 16:08:29] Path: /Courses, User: Anonymous
[2025-10-02 16:08:29] Path: /css/site.css, User: Anonymous
[2025-10-02 16:08:32] Path: /Instructors, User: Anonymous
[2025-10-02 16:08:32] Path: /css/site.css, User: Anonymous
[2025-10-02 16:08:33] Path: /Instructors/Edit/4, User: Anonymous
[2025-10-02 16:08:33] Path: /css/site.css, User: Anonymous
[2025-10-02 16:08:36] Path: /Instructors/Edit/4, User: Anonymous
[2025-10-02 16:08:36] Path: /Instructors, User: Anonymous
[2025-10-02 16:08:36] Path: /css/site.css, User: Anonymous
[2025-10-02 16:08:43] Path: /Instructors, User: Anonymous
[2025-10-02 16:08:43] Path: /css/site.css, User: Anonymous
[2025-10-02 16:08:45] Path: /Courses, User: Anonymous
[2025-10-02 16:08:45] Path: /css/site.css, User: Anonymous
[2025-10-02 16:08:46] Path: /Departments, User: Anonymous
[2025-10-02 16:08:46] Path: /css/site.css, User: Anonymous
[2025-10-03 15:58:46] Path: /, User: Anonymous
[2025-10-03 15:58:51] Path: /css/site.css, User: Anonymous
[2025-10-03 16:26:31] Path: /, User: Anonymous
[2025-10-03 16:26:32] Path: /css/site.css, User: Anonymous
[2025-10-03 16:27:00] Path: /, User: Anonymous
[2025-10-03 16:27:00] Path: /css/site.css, User: Anonymous
[2025-10-03 16:27:09] Path: /, User: Anonymous
[2025-10-03 16:27:09] Path: /css/site.css, User: Anonymous
[2025-10-03 16:31:26] Path: /, User: Anonymous
[2025-10-03 16:31:26] Path: /css/site.css, User: Anonymous
[2025-10-03 16:31:26] Path: /favicon.ico, User: Anonymous
[2025-10-03 16:31:29] Path: /Students, User: Anonymous
[2025-10-03 16:31:29] Path: /Account/Login, User: Anonymous
[2025-10-03 16:31:40] Path: /Instructors, User: Anonymous
[2025-10-03 16:31:41] Path: /Account/Login, User: Anonymous
[2025-10-03 16:32:41] Path: /, User: Anonymous
[2025-10-03 16:32:41] Path: /css/site.css, User: Anonymous
[2025-10-03 16:32:41] Path: /favicon.ico, User: Anonymous
[2025-10-03 16:32:53] Path: /Students, User: Anonymous
[2025-10-03 16:32:53] Path: /Account/Login, User: Anonymous
[2025-10-03 16:33:27] Path: /, User: Anonymous
[2025-10-03 16:33:27] Path: /css/site.css, User: Anonymous
[2025-10-03 16:33:29] Path: /Students, User: Anonymous
[2025-10-03 16:33:29] Path: /Account/Login, User: Anonymous
[2025-10-03 16:33:30] Path: /Departments, User: Anonymous
[2025-10-03 16:33:30] Path: /Account/Login, User: Anonymous
[2025-10-03 16:33:32] Path: /Courses, User: Anonymous
[2025-10-03 16:33:32] Path: /Account/Login, User: Anonymous
[2025-10-03 16:33:46] Path: /CourseStudents, User: Anonymous
[2025-10-03 16:33:46] Path: /Account/Login, User: Anonymous
[2025-10-03 16:37:58] Path: /, User: Anonymous
[2025-10-03 16:37:59] Path: /Courses, User: Anonymous
[2025-10-03 16:38:00] Path: /Account/Login, User: Anonymous
[2025-10-03 16:38:02] Path: /Departments, User: Anonymous
[2025-10-03 16:38:02] Path: /Account/Login, User: Anonymous
[2025-10-03 16:38:03] Path: /Instructors, User: Anonymous
[2025-10-03 16:38:03] Path: /Account/Login, User: Anonymous
[2025-10-03 16:38:04] Path: /CourseStudents, User: Anonymous
[2025-10-03 16:38:04] Path: /Account/Login, User: Anonymous
[2025-10-03 16:38:21] Path: /CourseStudents, User: Anonymous
[2025-10-03 16:38:21] Path: /Account/Login, User: Anonymous
[2025-10-03 16:38:22] Path: /Departments, User: Anonymous
[2025-10-03 16:38:22] Path: /Account/Login, User: Anonymous
[2025-10-03 16:39:20] Path: /Account/Login, User: Anonymous
[2025-10-03 16:39:48] Path: /Account/Login, User: Anonymous
[2025-10-03 16:43:19] Path: /, User: Anonymous
[2025-10-03 16:43:24] Path: /Courses, User: Anonymous
[2025-10-03 16:43:24] Path: /Account/Login, User: Anonymous
[2025-10-03 16:43:26] Path: /Account/Login, User: Anonymous
[2025-10-03 16:45:30] Path: /, User: Anonymous
[2025-10-03 16:45:32] Path: /Courses, User: Anonymous
[2025-10-03 16:45:32] Path: /Account/Login, User: Anonymous
[2025-10-03 16:46:37] Path: /Account/Login, User: Anonymous
[2025-10-03 16:46:41] Path: /Account/Login, User: Anonymous
[2025-10-03 16:46:43] Path: /Account/Login, User: Anonymous
[2025-10-03 16:46:44] Path: /CourseStudents, User: Anonymous
[2025-10-03 16:46:44] Path: /Account/Login, User: Anonymous
[2025-10-03 16:46:46] Path: /Account/Login, User: Anonymous
[2025-10-03 16:46:48] Path: /Departments, User: Anonymous
[2025-10-03 16:46:48] Path: /Account/Login, User: Anonymous
[2025-10-03 16:46:53] Path: /Account/Login, User: Anonymous
[2025-10-03 16:46:55] Path: /Account/Login, User: Anonymous
[2025-10-03 16:46:57] Path: /, User: Anonymous
[2025-10-03 16:47:33] Path: /, User: Anonymous
[2025-10-03 16:47:35] Path: /Students, User: Anonymous
[2025-10-03 16:47:35] Path: /Account/Login, User: Anonymous
[2025-10-03 16:47:38] Path: /Account/Login, User: Anonymous
[2025-10-03 16:47:41] Path: /Account/Register, User: Anonymous
[2025-10-03 16:48:24] Path: /, User: Anonymous
[2025-10-03 16:48:27] Path: /Instructors, User: Anonymous
[2025-10-03 16:48:27] Path: /Account/Login, User: Anonymous
[2025-10-03 16:52:15] Path: /, User: Anonymous
[2025-10-03 16:52:17] Path: /Instructors, User: Anonymous
[2025-10-03 16:52:17] Path: /Account/Login, User: Anonymous
[2025-10-03 16:52:21] Path: /Account/Login, User: Anonymous
[2025-10-03 16:52:28] Path: /Account/Login, User: Anonymous
[2025-10-03 16:53:07] Path: /Account/Login, User: Anonymous
[2025-10-03 16:54:51] Path: /, User: Anonymous
[2025-10-03 16:54:54] Path: /Instructors, User: Anonymous
[2025-10-03 16:54:54] Path: /Account/Login, User: Anonymous
[2025-10-03 16:54:56] Path: /Account/Login, User: Anonymous
[2025-10-03 16:57:47] Path: /Account/Login, User: Anonymous
[2025-10-03 16:58:15] Path: /Account/Login, User: Anonymous
[2025-10-03 16:58:30] Path: /, User: Anonymous
[2025-10-03 16:58:35] Path: /CourseStudents, User: Anonymous
[2025-10-03 16:58:35] Path: /Account/Login, User: Anonymous
[2025-10-03 16:58:37] Path: /Account/Login, User: Anonymous
[2025-10-03 16:58:47] Path: /Account/Login, User: Anonymous
[2025-10-03 17:01:45] Path: /, User: Anonymous
[2025-10-03 17:01:59] Path: /Courses, User: Anonymous
[2025-10-03 17:01:59] Path: /Account/Login, User: Anonymous
[2025-10-03 17:02:13] Path: /Account/Login, User: Anonymous
[2025-10-03 17:17:57] Path: /, User: Anonymous
[2025-10-03 17:18:01] Path: /CourseStudents, User: Anonymous
[2025-10-03 17:18:01] Path: /Account/Login, User: Anonymous
[2025-10-03 17:18:04] Path: /Students, User: Anonymous
[2025-10-03 17:18:04] Path: /Account/Login, User: Anonymous
[2025-10-03 17:18:10] Path: /Account/Login, User: Anonymous
[2025-10-03 17:20:41] Path: /, User: Anonymous
[2025-10-03 17:20:43] Path: /Students, User: Anonymous
[2025-10-03 17:20:43] Path: /Account/Login, User: Anonymous
[2025-10-03 17:20:50] Path: /Account/Login, User: Anonymous
[2025-10-03 17:28:00] Path: /, User: Anonymous
[2025-10-03 17:28:03] Path: /Instructors, User: Anonymous
[2025-10-03 17:28:03] Path: /Account/Login, User: Anonymous
[2025-10-03 17:28:12] Path: /Account/Login, User: Anonymous
[2025-10-03 17:31:31] Path: /, User: Anonymous
[2025-10-03 17:31:33] Path: /Instructors, User: Anonymous
[2025-10-03 17:31:33] Path: /Account/Login, User: Anonymous
[2025-10-03 17:31:33] Path: /Students, User: Anonymous
[2025-10-03 17:31:33] Path: /Account/Login, User: Anonymous
[2025-10-03 17:31:38] Path: /Account/Login, User: Anonymous
[2025-10-03 17:31:39] Path: /Students%20, User: Anonymous
[2025-10-03 17:33:22] Path: /, User: Anonymous
[2025-10-03 17:33:23] Path: /Instructors, User: Anonymous
[2025-10-03 17:33:28] Path: /Students, User: Anonymous
[2025-10-03 17:39:43] Path: /, User: Anonymous
[2025-10-03 17:39:45] Path: /Students, User: Anonymous
[2025-10-03 17:39:46] Path: /aa, User: Anonymous
[2025-10-03 17:39:47] Path: /Instructors, User: Anonymous
[2025-10-03 17:39:47] Path: /aa, User: Anonymous
[2025-10-03 17:39:48] Path: /CourseStudents, User: Anonymous
[2025-10-03 17:39:49] Path: /Courses, User: Anonymous
[2025-10-03 17:39:50] Path: /Departments, User: Anonymous
[2025-10-03 17:39:52] Path: /Students, User: Anonymous
[2025-10-03 17:39:52] Path: /aa, User: Anonymous
[2025-10-03 17:39:59] Path: /, User: Anonymous
[2025-10-03 17:40:01] Path: /Students, User: Anonymous
[2025-10-03 17:40:01] Path: /Account/Login, User: Anonymous
[2025-10-03 17:40:07] Path: /Account/Login, User: Anonymous
[2025-10-03 17:40:07] Path: /Students, User: Anonymous
[2025-10-03 17:40:07] Path: /aa, User: Anonymous
[2025-10-03 17:40:10] Path: /Students, User: Anonymous
[2025-10-03 17:40:10] Path: /aa, User: Anonymous
[2025-10-03 17:40:11] Path: /Students, User: Anonymous
[2025-10-03 17:40:11] Path: /aa, User: Anonymous
[2025-10-03 17:40:12] Path: /Students, User: Anonymous
[2025-10-03 17:40:14] Path: /Students, User: Anonymous
[2025-10-03 17:40:14] Path: /aa, User: Anonymous
[2025-10-03 17:40:19] Path: /Departments, User: Anonymous
[2025-10-03 17:40:20] Path: /Courses, User: Anonymous
[2025-10-03 17:40:22] Path: /Students, User: Anonymous
[2025-10-03 17:40:22] Path: /aa, User: Anonymous
[2025-10-03 17:40:23] Path: /Instructors, User: Anonymous
[2025-10-03 17:40:23] Path: /aa, User: Anonymous
[2025-10-03 17:40:23] Path: /CourseStudents, User: Anonymous
[2025-10-03 17:40:24] Path: /Departments, User: Anonymous
[2025-10-03 17:40:26] Path: /Departments/Edit/2, User: Anonymous
[2025-10-03 17:40:28] Path: /Departments/Edit/2, User: Anonymous
[2025-10-03 17:40:28] Path: /Departments, User: Anonymous
[2025-10-03 17:40:29] Path: /Departments/Details/2, User: Anonymous
[2025-10-03 17:40:31] Path: /Departments, User: Anonymous
[2025-10-03 17:40:33] Path: /Departments/Delete/2, User: Anonymous
[2025-10-03 17:40:34] Path: /Departments/Delete/2, User: Anonymous
[2025-10-03 17:40:34] Path: /Departments, User: Anonymous
[2025-10-03 17:40:36] Path: /Students, User: Anonymous
[2025-10-03 17:40:37] Path: /Courses, User: Anonymous
[2025-10-03 17:40:38] Path: /Students, User: Anonymous
[2025-10-03 17:40:40] Path: /Students/Create, User: Anonymous
[2025-10-03 17:40:44] Path: /Students/Create, User: Anonymous
[2025-10-03 17:40:45] Path: /Students, User: Anonymous
[2025-10-03 17:40:45] Path: /aa, User: Anonymous
[2025-10-03 17:40:49] Path: /Instructors, User: Anonymous
[2025-10-03 17:40:51] Path: /Instructors/Create, User: Anonymous
[2025-10-03 17:40:58] Path: /Instructors/Create, User: Anonymous
[2025-10-03 17:40:58] Path: /Instructors, User: Anonymous
[2025-10-03 17:40:58] Path: /aa, User: Anonymous
[2025-10-03 17:41:02] Path: /CourseStudents, User: Anonymous
[2025-10-03 17:41:03] Path: /Instructors, User: Anonymous
[2025-10-03 17:41:03] Path: /aa, User: Anonymous
[2025-10-03 17:41:06] Path: /CourseStudents, User: Anonymous
[2025-10-03 17:41:09] Path: /CourseStudents/Create, User: Anonymous
[2025-10-03 17:41:13] Path: /CourseStudents, User: Anonymous
[2025-10-03 17:41:14] Path: /Courses, User: Anonymous
[2025-10-03 17:41:15] Path: /Courses/Create, User: Anonymous
[2025-10-03 17:41:22] Path: /Courses/Create, User: Anonymous
[2025-10-03 17:41:26] Path: /Courses/Create, User: Anonymous
[2025-10-03 17:41:27] Path: /, User: Anonymous
[2025-10-03 17:41:29] Path: /Departments, User: Anonymous
[2025-10-03 17:44:54] Path: /Departments, User: Anonymous
[2025-10-03 17:44:54] Path: /Students, User: Anonymous
[2025-10-03 17:44:55] Path: /aa, User: Anonymous
[2025-10-03 17:44:56] Path: /Students/Details/2, User: Anonymous
[2025-10-03 17:44:57] Path: /Students, User: Anonymous
[2025-10-03 17:44:57] Path: /aa, User: Anonymous
[2025-10-03 17:44:58] Path: /Students/Details/2, User: Anonymous
[2025-10-03 17:44:59] Path: /Students/Edit/2, User: Anonymous
[2025-10-03 17:45:00] Path: /Students/Edit/2, User: Anonymous
[2025-10-03 17:45:01] Path: /Students, User: Anonymous
[2025-10-03 17:45:01] Path: /aa, User: Anonymous
[2025-10-03 17:45:03] Path: /Students, User: Anonymous
[2025-10-03 17:45:03] Path: /aa, User: Anonymous
[2025-10-03 17:45:07] Path: /Students, User: Anonymous
[2025-10-03 17:45:08] Path: /aa, User: Anonymous
[2025-10-03 17:45:11] Path: /Students/Create, User: Anonymous
[2025-10-03 17:45:16] Path: /Students/Create, User: Anonymous
[2025-10-03 17:45:16] Path: /Students, User: Anonymous
[2025-10-03 17:45:17] Path: /aa, User: Anonymous
[2025-10-03 17:45:17] Path: /awe, User: Anonymous
[2025-10-03 17:45:20] Path: /Students, User: Anonymous
[2025-10-03 17:45:20] Path: /awe, User: Anonymous
[2025-10-03 17:45:21] Path: /Students, User: Anonymous
[2025-10-03 17:45:21] Path: /aa, User: Anonymous
[2025-10-03 17:45:21] Path: /awe, User: Anonymous
[2025-10-03 17:45:22] Path: /Students/Details/3, User: Anonymous
[2025-10-03 17:45:23] Path: /Students/Edit/3, User: Anonymous
[2025-10-03 17:45:26] Path: /Students/Edit/3, User: Anonymous
[2025-10-03 17:45:26] Path: /Students, User: Anonymous
[2025-10-03 17:45:26] Path: /aa, User: Anonymous
[2025-10-03 17:45:26] Path: /awe, User: Anonymous
[2025-10-03 17:46:19] Path: /, User: Anonymous
[2025-10-03 17:46:21] Path: /Students, User: Anonymous
[2025-10-03 17:46:21] Path: /aa, User: Anonymous
[2025-10-03 17:46:21] Path: /awe, User: Anonymous
[2025-10-03 17:46:23] Path: /Students/Edit/2, User: Anonymous
[2025-10-03 17:46:26] Path: /Students/Edit/2, User: Anonymous
[2025-10-03 17:46:27] Path: /Students, User: Anonymous
[2025-10-03 17:46:27] Path: /awe, User: Anonymous
[2025-10-03 17:46:27] Path: /aa, User: Anonymous
[2025-10-03 17:46:29] Path: /Students/Delete/2, User: Anonymous
[2025-10-03 17:46:30] Path: /Students/Delete/2, User: Anonymous
[2025-10-03 17:46:30] Path: /Students, User: Anonymous
[2025-10-03 17:46:30] Path: /awe, User: Anonymous
[2025-10-03 17:46:33] Path: /Departments, User: Anonymous
[2025-10-03 17:46:35] Path: /Instructors, User: Anonymous
[2025-10-03 17:46:35] Path: /aa, User: Anonymous
[2025-10-03 17:46:37] Path: /Departments, User: Anonymous
[2025-10-03 17:46:38] Path: /Departments/Create, User: Anonymous
[2025-10-03 17:46:40] Path: /Departments/Create, User: Anonymous
[2025-10-03 17:46:40] Path: /Departments, User: Anonymous
[2025-10-03 17:46:41] Path: /Courses, User: Anonymous
[2025-10-03 17:46:42] Path: /Courses/Create, User: Anonymous
[2025-10-03 17:46:49] Path: /Courses/Create, User: Anonymous
[2025-10-03 17:50:53] Path: /Courses/Create, User: Anonymous
[2025-10-03 17:51:04] Path: /, User: Anonymous
[2025-10-03 17:51:08] Path: /Courses, User: Anonymous
[2025-10-03 17:51:10] Path: /Courses/Create, User: Anonymous
[2025-10-03 17:51:19] Path: /Courses/Create, User: Anonymous
[2025-10-03 17:51:26] Path: /Courses/Create, User: Anonymous
[2025-10-03 17:51:26] Path: /Courses, User: Anonymous
[2025-10-03 17:51:28] Path: /Courses/JoinCourse, User: Anonymous
[2025-10-03 17:51:28] Path: /Account/AccessDenied, User: Anonymous
[2025-10-03 17:51:34] Path: /Account/Logout, User: Anonymous
[2025-10-03 17:51:37] Path: /, User: Anonymous
[2025-10-03 17:51:38] Path: /Instructors, User: Anonymous
[2025-10-03 17:51:38] Path: /aa, User: Anonymous
[2025-10-03 17:51:38] Path: /CourseStudents, User: Anonymous
[2025-10-03 17:51:39] Path: /Courses, User: Anonymous
[2025-10-03 17:51:42] Path: /Courses/JoinCourse, User: Anonymous
[2025-10-03 17:51:42] Path: /Account/AccessDenied, User: Anonymous
[2025-10-03 17:51:43] Path: /, User: Anonymous
[2025-10-03 17:51:43] Path: /Students, User: Anonymous
[2025-10-03 17:51:44] Path: /awe, User: Anonymous
[2025-10-03 17:51:44] Path: /Instructors, User: Anonymous
[2025-10-03 17:51:44] Path: /aa, User: Anonymous
[2025-10-03 17:51:45] Path: /Courses, User: Anonymous
[2025-10-03 17:51:45] Path: /Students, User: Anonymous
[2025-10-03 17:51:45] Path: /awe, User: Anonymous
[2025-10-03 17:51:46] Path: /Instructors, User: Anonymous
[2025-10-03 17:51:46] Path: /aa, User: Anonymous
[2025-10-03 17:51:47] Path: /Courses, User: Anonymous
[2025-10-03 17:51:48] Path: /CourseStudents, User: Anonymous
[2025-10-03 17:51:49] Path: /Departments, User: Anonymous
[2025-10-03 17:51:50] Path: /Courses, User: Anonymous
[2025-10-03 17:51:51] Path: /Students, User: Anonymous
[2025-10-03 17:51:51] Path: /awe, User: Anonymous
[2025-10-03 17:51:53] Path: /Students/Create, User: Anonymous
[2025-10-03 17:51:58] Path: /Students/Create, User: Anonymous
[2025-10-03 17:51:58] Path: /Students, User: Anonymous
[2025-10-03 17:51:58] Path: /wa, User: Anonymous
[2025-10-03 17:51:58] Path: /awe, User: Anonymous
[2025-10-03 17:52:01] Path: /Courses, User: Anonymous
[2025-10-03 17:52:02] Path: /Courses/Edit/2, User: Anonymous
[2025-10-03 17:52:04] Path: /Courses/Edit/2, User: Anonymous
[2025-10-03 17:52:04] Path: /Courses, User: Anonymous
[2025-10-03 17:52:06] Path: /Courses/Delete/2, User: Anonymous
[2025-10-03 17:52:07] Path: /Courses/Delete/2, User: Anonymous
[2025-10-03 17:52:07] Path: /Courses, User: Anonymous
[2025-10-03 17:52:16] Path: /Students, User: Anonymous
[2025-10-03 17:52:16] Path: /awe, User: Anonymous
[2025-10-03 17:52:16] Path: /wa, User: Anonymous
[2025-10-03 17:52:16] Path: /Instructors, User: Anonymous
[2025-10-03 17:52:16] Path: /aa, User: Anonymous
[2025-10-03 17:52:17] Path: /CourseStudents, User: Anonymous
